<?xml version="1.0" encoding="UTF-8"?>
<!-- Generated by org.testng.reporters.JUnitReportReporter -->
<testsuite hostname="Monals-MacBook-Pro-M1.local" failures="0" tests="1" name="cucumber.TestNGTestRunner" time="33.205" errors="0" timestamp="2022-09-14T12:57:30 PDT" skipped="0">
  <testcase classname="cucumber.TestNGTestRunner" name="runScenario" time="33.205"/>
  <system-out/>
</testsuite> <!-- cucumber.TestNGTestRunner -->
